<?xml version="1.0" encoding="UTF-8"?>
<!-- Generated by org.testng.reporters.JUnitReportReporter -->
<testsuite skipped="0" hostname="LAPTOP-0N92GOA0" name="com.amdtelecom.route.Testdata.LoginTest" tests="1" failures="0" timestamp="2021-07-21T01:01:41 IST" time="22.870" errors="0">
  <testcase name="loginTest" time="22.870" classname="com.amdtelecom.route.Testdata.LoginTest"/>
</testsuite> <!-- com.amdtelecom.route.Testdata.LoginTest -->
